2022-11-23 22:04:05 10088 [Note] Plugin 'FEDERATED' is disabled.
2022-11-23 22:04:05 10088 [Note] InnoDB: The InnoDB memory heap is disabled
2022-11-23 22:04:05 10088 [Note] InnoDB: Mutexes and rw_locks use Windows interlocked functions
2022-11-23 22:04:05 10088 [Note] InnoDB: Compressed tables use zlib 1.2.3
2022-11-23 22:04:05 10088 [Note] InnoDB: Not using CPU crc32 instructions
2022-11-23 22:04:05 10088 [Note] InnoDB: Initializing buffer pool, size = 128.0M
2022-11-23 22:04:05 10088 [Note] InnoDB: Completed initialization of buffer pool
2022-11-23 22:04:05 10088 [Note] InnoDB: Highest supported file format is Barracuda.
2022-11-23 22:04:05 10088 [Note] InnoDB: The log sequence numbers 1626134 and 1626134 in ibdata files do not match the log sequence number 2006425 in the ib_logfiles!
2022-11-23 22:04:05 10088 [Note] InnoDB: Database was not shutdown normally!
2022-11-23 22:04:05 10088 [Note] InnoDB: Starting crash recovery.
2022-11-23 22:04:05 10088 [Note] InnoDB: Reading tablespace information from the .ibd files...
2022-11-23 22:04:05 10088 [Note] InnoDB: Restoring possible half-written data pages 
2022-11-23 22:04:05 10088 [Note] InnoDB: from the doublewrite buffer...
2022-11-23 22:04:05 10088 [ERROR] InnoDB: Table aula1/alunos in the InnoDB data dictionary has tablespace id 10, but tablespace with that id or name does not exist. Have you deleted or moved .ibd files? This may also be a table created with CREATE TEMPORARY TABLE whose .ibd and .frm files MySQL automatically removed, but the table still exists in the InnoDB internal data dictionary.
InnoDB: Please refer to
InnoDB: http://dev.mysql.com/doc/refman/5.6/en/innodb-troubleshooting-datadict.html
InnoDB: for how to resolve the issue.
2022-11-23 22:04:05 10088 [ERROR] InnoDB: Table cliente/fornecedor in the InnoDB data dictionary has tablespace id 8, but tablespace with that id or name does not exist. Have you deleted or moved .ibd files? This may also be a table created with CREATE TEMPORARY TABLE whose .ibd and .frm files MySQL automatically removed, but the table still exists in the InnoDB internal data dictionary.
InnoDB: Please refer to
InnoDB: http://dev.mysql.com/doc/refman/5.6/en/innodb-troubleshooting-datadict.html
InnoDB: for how to resolve the issue.
2022-11-23 22:04:05 10088 [ERROR] InnoDB: Table cliente/funcionario in the InnoDB data dictionary has tablespace id 13, but tablespace with that id or name does not exist. Have you deleted or moved .ibd files? This may also be a table created with CREATE TEMPORARY TABLE whose .ibd and .frm files MySQL automatically removed, but the table still exists in the InnoDB internal data dictionary.
InnoDB: Please refer to
InnoDB: http://dev.mysql.com/doc/refman/5.6/en/innodb-troubleshooting-datadict.html
InnoDB: for how to resolve the issue.
2022-11-23 22:04:05 10088 [ERROR] InnoDB: Table cliente/produto in the InnoDB data dictionary has tablespace id 12, but tablespace with that id or name does not exist. Have you deleted or moved .ibd files? This may also be a table created with CREATE TEMPORARY TABLE whose .ibd and .frm files MySQL automatically removed, but the table still exists in the InnoDB internal data dictionary.
InnoDB: Please refer to
InnoDB: http://dev.mysql.com/doc/refman/5.6/en/innodb-troubleshooting-datadict.html
InnoDB: for how to resolve the issue.
2022-11-23 22:04:05 10088 [ERROR] InnoDB: Table cliente/vendas in the InnoDB data dictionary has tablespace id 11, but tablespace with that id or name does not exist. Have you deleted or moved .ibd files? This may also be a table created with CREATE TEMPORARY TABLE whose .ibd and .frm files MySQL automatically removed, but the table still exists in the InnoDB internal data dictionary.
InnoDB: Please refer to
InnoDB: http://dev.mysql.com/doc/refman/5.6/en/innodb-troubleshooting-datadict.html
InnoDB: for how to resolve the issue.
2022-11-23 22:04:05 10088 [ERROR] InnoDB: Table cliente1/alunos in the InnoDB data dictionary has tablespace id 14, but tablespace with that id or name does not exist. Have you deleted or moved .ibd files? This may also be a table created with CREATE TEMPORARY TABLE whose .ibd and .frm files MySQL automatically removed, but the table still exists in the InnoDB internal data dictionary.
InnoDB: Please refer to
InnoDB: http://dev.mysql.com/doc/refman/5.6/en/innodb-troubleshooting-datadict.html
InnoDB: for how to resolve the issue.
2022-11-23 22:04:05 10088 [ERROR] InnoDB: Table escola/alunos in the InnoDB data dictionary has tablespace id 15, but tablespace with that id or name does not exist. Have you deleted or moved .ibd files? This may also be a table created with CREATE TEMPORARY TABLE whose .ibd and .frm files MySQL automatically removed, but the table still exists in the InnoDB internal data dictionary.
InnoDB: Please refer to
InnoDB: http://dev.mysql.com/doc/refman/5.6/en/innodb-troubleshooting-datadict.html
InnoDB: for how to resolve the issue.
2022-11-23 22:04:05 10088 [ERROR] InnoDB: Table escola/funcionarios in the InnoDB data dictionary has tablespace id 16, but tablespace with that id or name does not exist. Have you deleted or moved .ibd files? This may also be a table created with CREATE TEMPORARY TABLE whose .ibd and .frm files MySQL automatically removed, but the table still exists in the InnoDB internal data dictionary.
InnoDB: Please refer to
InnoDB: http://dev.mysql.com/doc/refman/5.6/en/innodb-troubleshooting-datadict.html
InnoDB: for how to resolve the issue.
2022-11-23 22:04:05 10088 [Note] InnoDB: 128 rollback segment(s) are active.
2022-11-23 22:04:05 10088 [Note] InnoDB: Waiting for purge to start
2022-11-23 22:04:05 10088 [Note] InnoDB: 5.6.13 started; log sequence number 2006425
2022-11-23 22:04:05 10088 [Note] Server hostname (bind-address): '*'; port: 3306
2022-11-23 22:04:05 10088 [Note] IPv6 is available.
2022-11-23 22:04:05 10088 [Note]   - '::' resolves to '::';
2022-11-23 22:04:05 10088 [Note] Server socket created on IP: '::'.
