2023-02-23 11:55:21 24112 [Note] Plugin 'FEDERATED' is disabled.
2023-02-23 11:55:21 24112 [Note] InnoDB: The InnoDB memory heap is disabled
2023-02-23 11:55:21 24112 [Note] InnoDB: Mutexes and rw_locks use Windows interlocked functions
2023-02-23 11:55:21 24112 [Note] InnoDB: Compressed tables use zlib 1.2.3
2023-02-23 11:55:21 24112 [Note] InnoDB: Not using CPU crc32 instructions
2023-02-23 11:55:21 24112 [Note] InnoDB: Initializing buffer pool, size = 128.0M
2023-02-23 11:55:21 24112 [Note] InnoDB: Completed initialization of buffer pool
2023-02-23 11:55:21 24112 [Note] InnoDB: Setting log file F:\Downloads\USBWebserver v8.6\mysql\data\ib_logfile101 size to 5 MB
2023-02-23 11:55:21 24112 [Note] InnoDB: Setting log file F:\Downloads\USBWebserver v8.6\mysql\data\ib_logfile1 size to 5 MB
2023-02-23 11:55:22 24112 [Note] InnoDB: Renaming log file F:\Downloads\USBWebserver v8.6\mysql\data\ib_logfile101 to F:\Downloads\USBWebserver v8.6\mysql\data\ib_logfile0
2023-02-23 11:55:22 24112 [Warning] InnoDB: New log files created, LSN=1626134
2023-02-23 11:55:22 24112 [Note] InnoDB: Highest supported file format is Barracuda.
2023-02-23 11:55:22 24112 [Note] InnoDB: 128 rollback segment(s) are active.
2023-02-23 11:55:22 24112 [Note] InnoDB: Waiting for purge to start
2023-02-23 11:55:22 24112 [Note] InnoDB: 5.6.13 started; log sequence number 1626636
2023-02-23 11:55:22 24112 [Warning] No existing UUID has been found, so we assume that this is the first time that this server has been started. Generating a new UUID: 190c288d-b38a-11ed-8aef-00ffced83e32.
2023-02-23 11:55:22 24112 [Note] Server hostname (bind-address): '*'; port: 3307
2023-02-23 11:55:22 24112 [Note] IPv6 is available.
2023-02-23 11:55:22 24112 [Note]   - '::' resolves to '::';
2023-02-23 11:55:22 24112 [Note] Server socket created on IP: '::'.
2023-02-23 12:00:13 8644 [Note] Plugin 'FEDERATED' is disabled.
2023-02-23 12:00:13 8644 [Note] InnoDB: The InnoDB memory heap is disabled
2023-02-23 12:00:13 8644 [Note] InnoDB: Mutexes and rw_locks use Windows interlocked functions
2023-02-23 12:00:13 8644 [Note] InnoDB: Compressed tables use zlib 1.2.3
2023-02-23 12:00:13 8644 [Note] InnoDB: Not using CPU crc32 instructions
2023-02-23 12:00:13 8644 [Note] InnoDB: Initializing buffer pool, size = 128.0M
2023-02-23 12:00:13 8644 [Note] InnoDB: Completed initialization of buffer pool
2023-02-23 12:00:13 8644 [Note] InnoDB: Highest supported file format is Barracuda.
2023-02-23 12:00:13 8644 [Note] InnoDB: The log sequence numbers 1626134 and 1626134 in ibdata files do not match the log sequence number 1626646 in the ib_logfiles!
2023-02-23 12:00:13 8644 [Note] InnoDB: Database was not shutdown normally!
2023-02-23 12:00:13 8644 [Note] InnoDB: Starting crash recovery.
2023-02-23 12:00:13 8644 [Note] InnoDB: Reading tablespace information from the .ibd files...
2023-02-23 12:00:13 8644 [Note] InnoDB: Restoring possible half-written data pages 
2023-02-23 12:00:13 8644 [Note] InnoDB: from the doublewrite buffer...
2023-02-23 12:00:13 8644 [Note] InnoDB: 128 rollback segment(s) are active.
2023-02-23 12:00:13 8644 [Note] InnoDB: Waiting for purge to start
2023-02-23 12:00:13 8644 [Note] InnoDB: 5.6.13 started; log sequence number 1626646
2023-02-23 12:00:13 8644 [Note] Server hostname (bind-address): '*'; port: 3307
2023-02-23 12:00:13 8644 [Note] IPv6 is available.
2023-02-23 12:00:13 8644 [Note]   - '::' resolves to '::';
2023-02-23 12:00:13 8644 [Note] Server socket created on IP: '::'.
