::1 - - [13/Feb/2023:20:21:27 -0300] "GET /phpmyadmin/ HTTP/1.1" 200 8020
::1 - - [13/Feb/2023:20:21:27 -0300] "GET /phpmyadmin/themes/pmahomme/jquery/jquery-ui-1.9.2.custom.css HTTP/1.1" 304 -
::1 - - [13/Feb/2023:20:21:27 -0300] "GET /phpmyadmin/phpmyadmin.css.php?server=1&token=0671105ff86ac2f0f323e21a8f4665d9&nocache=5028982190ltr HTTP/1.1" 200 88608
::1 - - [13/Feb/2023:20:21:27 -0300] "GET /phpmyadmin/themes/pmahomme/img/logo_right.png HTTP/1.1" 304 -
::1 - - [13/Feb/2023:20:21:27 -0300] "GET /phpmyadmin/themes/dot.gif HTTP/1.1" 304 -
::1 - - [13/Feb/2023:20:21:27 -0300] "GET /phpmyadmin/js/messages.php?lang=pt&db=&server=0&token=31ec2cc4535631880be56258da1617ca HTTP/1.1" 200 18103
::1 - - [13/Feb/2023:20:21:27 -0300] "GET /phpmyadmin/themes/pmahomme/img/sprites.png HTTP/1.1" 304 -
::1 - - [13/Feb/2023:20:21:29 -0300] "GET /phpmyadmin/ HTTP/1.1" 200 47994
::1 - - [13/Feb/2023:20:21:29 -0300] "GET /phpmyadmin/themes/pmahomme/jquery/jquery-ui-1.9.2.custom.css HTTP/1.1" 304 -
::1 - - [13/Feb/2023:20:21:29 -0300] "GET /phpmyadmin/themes/pmahomme/img/logo_left.png HTTP/1.1" 304 -
::1 - - [13/Feb/2023:20:21:29 -0300] "GET /phpmyadmin/themes/dot.gif HTTP/1.1" 304 -
::1 - - [13/Feb/2023:20:21:29 -0300] "GET /phpmyadmin/themes/pmahomme/img/ajax_clock_small.gif HTTP/1.1" 304 -
::1 - - [13/Feb/2023:20:21:29 -0300] "GET /phpmyadmin/themes/pmahomme/img/left_nav_bg.png HTTP/1.1" 304 -
::1 - - [13/Feb/2023:20:21:29 -0300] "GET /phpmyadmin/themes/pmahomme/img/sprites.png HTTP/1.1" 304 -
::1 - - [13/Feb/2023:20:21:29 -0300] "GET /phpmyadmin/version_check.php?&_nocache=1676330489898506743 HTTP/1.1" 200 39
::1 - - [13/Feb/2023:20:21:31 -0300] "GET /phpmyadmin/db_structure.php?server=1&db=crudphp&token=f5846d5fe188615d7dd6ee0f0aca95b0&ajax_request=true&ajax_page_request=true&menuHashes=b8e73bdb&_nocache=1676330491863440091 HTTP/1.1" 200 5699
::1 - - [13/Feb/2023:20:21:31 -0300] "GET /phpmyadmin/js/get_scripts.js.php?scripts[]=db_structure.js&scripts[]=tbl_change.js HTTP/1.1" 200 12382
::1 - - [13/Feb/2023:20:21:50 -0300] "POST /phpmyadmin/tbl_create.php HTTP/1.1" 200 198445
::1 - - [13/Feb/2023:20:21:50 -0300] "GET /phpmyadmin/index.php?ajax_request=1&recent_table=1&token=f5846d5fe188615d7dd6ee0f0aca95b0 HTTP/1.1" 200 1005
::1 - - [13/Feb/2023:20:26:04 -0300] "POST /phpmyadmin/tbl_create.php HTTP/1.1" 200 8372
::1 - - [13/Feb/2023:20:26:04 -0300] "GET /phpmyadmin/db_structure.php?token=f5846d5fe188615d7dd6ee0f0aca95b0&server=1&db=crudphp&table=tb_cadastro&ajax_request=true&ajax_page_request=true&menuHashes=b8e73bdb-a37c26ab-05fc4f8a&_nocache=167633076423439218 HTTP/1.1" 200 13108
::1 - - [13/Feb/2023:20:26:04 -0300] "GET /phpmyadmin/themes/pmahomme/img/arrow_ltr.png HTTP/1.1" 304 -
::1 - - [13/Feb/2023:20:26:04 -0300] "POST /phpmyadmin/navigation.php?ajax_request=1&token=f5846d5fe188615d7dd6ee0f0aca95b0 HTTP/1.1" 200 1324
::1 - - [13/Feb/2023:20:26:04 -0300] "GET /phpmyadmin/index.php?ajax_request=1&recent_table=1&token=f5846d5fe188615d7dd6ee0f0aca95b0 HTTP/1.1" 200 1005
::1 - - [13/Feb/2023:20:28:02 -0300] "GET /DesenvolvimentoWebII/Aula01-13_02 HTTP/1.1" 301 264
::1 - - [13/Feb/2023:20:28:02 -0300] "GET /DesenvolvimentoWebII/Aula01-13_02/ HTTP/1.1" 200 875
::1 - - [13/Feb/2023:20:28:02 -0300] "GET /DesenvolvimentoWebII/Aula01-13_02/style.css HTTP/1.1" 200 914
::1 - - [13/Feb/2023:20:28:02 -0300] "GET /favicon.ico HTTP/1.1" 404 209
::1 - - [13/Feb/2023:20:56:21 -0300] "GET /DesenvolvimentoWebII/Aula01-13_02/ HTTP/1.1" 304 -
::1 - - [13/Feb/2023:20:56:21 -0300] "GET /DesenvolvimentoWebII/Aula01-13_02/style.css HTTP/1.1" 304 -
::1 - - [13/Feb/2023:20:56:22 -0300] "GET /DesenvolvimentoWebII/Aula01-13_02/ HTTP/1.1" 304 -
::1 - - [13/Feb/2023:20:56:22 -0300] "GET /DesenvolvimentoWebII/Aula01-13_02/ HTTP/1.1" 304 -
::1 - - [13/Feb/2023:20:56:24 -0300] "GET /DesenvolvimentoWebII/Aula01-13_02/ HTTP/1.1" 304 -
::1 - - [13/Feb/2023:20:56:24 -0300] "GET /DesenvolvimentoWebII/Aula01-13_02/index.php?usuario=&email=&password= HTTP/1.1" 404 241
::1 - - [13/Feb/2023:20:56:45 -0300] "GET /DesenvolvimentoWebII/Aula01-13_02/index.php?usuario=&email=&password= HTTP/1.1" 404 241
::1 - - [13/Feb/2023:20:56:48 -0300] "GET /DesenvolvimentoWebII/Aula01-13_02/ HTTP/1.1" 200 875
::1 - - [13/Feb/2023:20:56:51 -0300] "GET /DesenvolvimentoWebII/Aula01-13_02/login.php?usuario=&email=&password= HTTP/1.1" 200 3
